{"C:\\Users\\Sunidhi\\OneDrive\\Desktop\\fetchRewards\\points\\server.js": {"path":"C:\\Users\\Sunidhi\\OneDrive\\Desktop\\fetchRewards\\points\\server.js","statementMap":{"0":{"start":{"line":2,"column":16},"end":{"line":2,"column":34}},"1":{"start":{"line":3,"column":12},"end":{"line":3,"column":21}},"2":{"start":{"line":5,"column":0},"end":{"line":5,"column":43}},"3":{"start":{"line":8,"column":0},"end":{"line":8,"column":51}},"4":{"start":{"line":10,"column":13},"end":{"line":10,"column":37}},"5":{"start":{"line":13,"column":0},"end":{"line":13,"column":70}},"6":{"start":{"line":13,"column":23},"end":{"line":13,"column":68}},"7":{"start":{"line":15,"column":0},"end":{"line":15,"column":21}}},"fnMap":{"0":{"name":"(anonymous_0)","decl":{"start":{"line":13,"column":17},"end":{"line":13,"column":18}},"loc":{"start":{"line":13,"column":23},"end":{"line":13,"column":68}},"line":13}},"branchMap":{"0":{"loc":{"start":{"line":10,"column":13},"end":{"line":10,"column":37}},"type":"binary-expr","locations":[{"start":{"line":10,"column":13},"end":{"line":10,"column":29}},{"start":{"line":10,"column":33},"end":{"line":10,"column":37}}],"line":10}},"s":{"0":1,"1":1,"2":1,"3":1,"4":1,"5":1,"6":1,"7":1},"f":{"0":1},"b":{"0":[1,1]},"_coverageSchema":"1a1c01bbd47fc00a2c39e90264f33305004495a9","hash":"6b99c55ebf7784358fa32aee4469067755ad9b0e"}
,"C:\\Users\\Sunidhi\\OneDrive\\Desktop\\fetchRewards\\points\\api\\controllers\\controllers.js": {"path":"C:\\Users\\Sunidhi\\OneDrive\\Desktop\\fetchRewards\\points\\api\\controllers\\controllers.js","statementMap":{"0":{"start":{"line":2,"column":8},"end":{"line":2,"column":25}},"1":{"start":{"line":3,"column":16},"end":{"line":3,"column":47}},"2":{"start":{"line":4,"column":16},"end":{"line":4,"column":45}},"3":{"start":{"line":5,"column":11},"end":{"line":5,"column":13}},"4":{"start":{"line":6,"column":12},"end":{"line":6,"column":14}},"5":{"start":{"line":7,"column":18},"end":{"line":7,"column":20}},"6":{"start":{"line":8,"column":16},"end":{"line":8,"column":18}},"7":{"start":{"line":10,"column":0},"end":{"line":52,"column":2}},"8":{"start":{"line":12,"column":2},"end":{"line":16,"column":3}},"9":{"start":{"line":13,"column":4},"end":{"line":15,"column":7}},"10":{"start":{"line":18,"column":21},"end":{"line":18,"column":32}},"11":{"start":{"line":19,"column":15},"end":{"line":19,"column":72}},"12":{"start":{"line":22,"column":2},"end":{"line":35,"column":3}},"13":{"start":{"line":24,"column":4},"end":{"line":30,"column":7}},"14":{"start":{"line":32,"column":4},"end":{"line":34,"column":7}},"15":{"start":{"line":37,"column":2},"end":{"line":41,"column":3}},"16":{"start":{"line":38,"column":4},"end":{"line":40,"column":7}},"17":{"start":{"line":43,"column":2},"end":{"line":51,"column":3}},"18":{"start":{"line":44,"column":4},"end":{"line":44,"column":23}},"19":{"start":{"line":45,"column":4},"end":{"line":45,"column":25}},"20":{"start":{"line":46,"column":4},"end":{"line":46,"column":37}},"21":{"start":{"line":48,"column":4},"end":{"line":50,"column":7}},"22":{"start":{"line":54,"column":0},"end":{"line":83,"column":2}},"23":{"start":{"line":56,"column":2},"end":{"line":60,"column":3}},"24":{"start":{"line":57,"column":4},"end":{"line":59,"column":7}},"25":{"start":{"line":63,"column":2},"end":{"line":70,"column":3}},"26":{"start":{"line":65,"column":4},"end":{"line":65,"column":38}},"27":{"start":{"line":67,"column":4},"end":{"line":69,"column":7}},"28":{"start":{"line":72,"column":2},"end":{"line":76,"column":3}},"29":{"start":{"line":73,"column":4},"end":{"line":75,"column":7}},"30":{"start":{"line":78,"column":2},"end":{"line":82,"column":3}},"31":{"start":{"line":79,"column":4},"end":{"line":81,"column":7}},"32":{"start":{"line":85,"column":0},"end":{"line":126,"column":2}},"33":{"start":{"line":87,"column":2},"end":{"line":91,"column":3}},"34":{"start":{"line":88,"column":4},"end":{"line":90,"column":7}},"35":{"start":{"line":92,"column":15},"end":{"line":92,"column":36}},"36":{"start":{"line":95,"column":2},"end":{"line":108,"column":3}},"37":{"start":{"line":97,"column":4},"end":{"line":103,"column":7}},"38":{"start":{"line":105,"column":4},"end":{"line":107,"column":7}},"39":{"start":{"line":110,"column":2},"end":{"line":114,"column":3}},"40":{"start":{"line":111,"column":4},"end":{"line":113,"column":7}},"41":{"start":{"line":116,"column":2},"end":{"line":125,"column":3}},"42":{"start":{"line":117,"column":4},"end":{"line":117,"column":23}},"43":{"start":{"line":118,"column":4},"end":{"line":118,"column":25}},"44":{"start":{"line":119,"column":4},"end":{"line":119,"column":37}},"45":{"start":{"line":120,"column":4},"end":{"line":120,"column":33}},"46":{"start":{"line":122,"column":4},"end":{"line":124,"column":7}}},"fnMap":{"0":{"name":"(anonymous_0)","decl":{"start":{"line":10,"column":19},"end":{"line":10,"column":20}},"loc":{"start":{"line":10,"column":39},"end":{"line":52,"column":1}},"line":10},"1":{"name":"(anonymous_1)","decl":{"start":{"line":54,"column":18},"end":{"line":54,"column":19}},"loc":{"start":{"line":54,"column":38},"end":{"line":83,"column":1}},"line":54},"2":{"name":"(anonymous_2)","decl":{"start":{"line":85,"column":17},"end":{"line":85,"column":18}},"loc":{"start":{"line":85,"column":37},"end":{"line":126,"column":1}},"line":85}},"branchMap":{"0":{"loc":{"start":{"line":12,"column":2},"end":{"line":16,"column":3}},"type":"if","locations":[{"start":{"line":12,"column":2},"end":{"line":16,"column":3}},{"start":{"line":12,"column":2},"end":{"line":16,"column":3}}],"line":12},"1":{"loc":{"start":{"line":37,"column":2},"end":{"line":41,"column":3}},"type":"if","locations":[{"start":{"line":37,"column":2},"end":{"line":41,"column":3}},{"start":{"line":37,"column":2},"end":{"line":41,"column":3}}],"line":37},"2":{"loc":{"start":{"line":43,"column":2},"end":{"line":51,"column":3}},"type":"if","locations":[{"start":{"line":43,"column":2},"end":{"line":51,"column":3}},{"start":{"line":43,"column":2},"end":{"line":51,"column":3}}],"line":43},"3":{"loc":{"start":{"line":56,"column":2},"end":{"line":60,"column":3}},"type":"if","locations":[{"start":{"line":56,"column":2},"end":{"line":60,"column":3}},{"start":{"line":56,"column":2},"end":{"line":60,"column":3}}],"line":56},"4":{"loc":{"start":{"line":72,"column":2},"end":{"line":76,"column":3}},"type":"if","locations":[{"start":{"line":72,"column":2},"end":{"line":76,"column":3}},{"start":{"line":72,"column":2},"end":{"line":76,"column":3}}],"line":72},"5":{"loc":{"start":{"line":78,"column":2},"end":{"line":82,"column":3}},"type":"if","locations":[{"start":{"line":78,"column":2},"end":{"line":82,"column":3}},{"start":{"line":78,"column":2},"end":{"line":82,"column":3}}],"line":78},"6":{"loc":{"start":{"line":87,"column":2},"end":{"line":91,"column":3}},"type":"if","locations":[{"start":{"line":87,"column":2},"end":{"line":91,"column":3}},{"start":{"line":87,"column":2},"end":{"line":91,"column":3}}],"line":87},"7":{"loc":{"start":{"line":110,"column":2},"end":{"line":114,"column":3}},"type":"if","locations":[{"start":{"line":110,"column":2},"end":{"line":114,"column":3}},{"start":{"line":110,"column":2},"end":{"line":114,"column":3}}],"line":110},"8":{"loc":{"start":{"line":116,"column":2},"end":{"line":125,"column":3}},"type":"if","locations":[{"start":{"line":116,"column":2},"end":{"line":125,"column":3}},{"start":{"line":116,"column":2},"end":{"line":125,"column":3}}],"line":116}},"s":{"0":1,"1":1,"2":1,"3":1,"4":1,"5":1,"6":1,"7":1,"8":8,"9":1,"10":7,"11":7,"12":7,"13":7,"14":0,"15":7,"16":1,"17":6,"18":6,"19":6,"20":6,"21":6,"22":1,"23":2,"24":1,"25":1,"26":1,"27":0,"28":1,"29":0,"30":1,"31":1,"32":1,"33":4,"34":1,"35":3,"36":3,"37":3,"38":0,"39":3,"40":2,"41":1,"42":1,"43":1,"44":1,"45":1,"46":1},"f":{"0":8,"1":2,"2":4},"b":{"0":[1,7],"1":[1,6],"2":[6,0],"3":[1,1],"4":[0,1],"5":[1,0],"6":[1,3],"7":[2,1],"8":[1,0]},"_coverageSchema":"1a1c01bbd47fc00a2c39e90264f33305004495a9","hash":"d783f96eb74869f40978f4cf014783e0617226f7"}
,"C:\\Users\\Sunidhi\\OneDrive\\Desktop\\fetchRewards\\points\\api\\helpers\\helpers.js": {"path":"C:\\Users\\Sunidhi\\OneDrive\\Desktop\\fetchRewards\\points\\api\\helpers\\helpers.js","statementMap":{"0":{"start":{"line":1,"column":10},"end":{"line":1,"column":27}},"1":{"start":{"line":3,"column":23},"end":{"line":3,"column":74}},"2":{"start":{"line":3,"column":32},"end":{"line":3,"column":74}},"3":{"start":{"line":3,"column":68},"end":{"line":3,"column":73}},"4":{"start":{"line":5,"column":24},"end":{"line":6,"column":68}},"5":{"start":{"line":6,"column":2},"end":{"line":6,"column":68}},"6":{"start":{"line":8,"column":24},"end":{"line":22,"column":1}},"7":{"start":{"line":9,"column":2},"end":{"line":20,"column":3}},"8":{"start":{"line":19,"column":4},"end":{"line":19,"column":17}},"9":{"start":{"line":21,"column":2},"end":{"line":21,"column":14}},"10":{"start":{"line":24,"column":27},"end":{"line":36,"column":1}},"11":{"start":{"line":25,"column":2},"end":{"line":34,"column":3}},"12":{"start":{"line":33,"column":4},"end":{"line":33,"column":17}},"13":{"start":{"line":35,"column":2},"end":{"line":35,"column":14}},"14":{"start":{"line":38,"column":39},"end":{"line":44,"column":8}},"15":{"start":{"line":39,"column":2},"end":{"line":44,"column":8}},"16":{"start":{"line":40,"column":4},"end":{"line":42,"column":5}},"17":{"start":{"line":41,"column":6},"end":{"line":41,"column":22}},"18":{"start":{"line":43,"column":4},"end":{"line":43,"column":15}},"19":{"start":{"line":45,"column":0},"end":{"line":51,"column":2}}},"fnMap":{"0":{"name":"(anonymous_0)","decl":{"start":{"line":3,"column":23},"end":{"line":3,"column":24}},"loc":{"start":{"line":3,"column":32},"end":{"line":3,"column":74}},"line":3},"1":{"name":"(anonymous_1)","decl":{"start":{"line":3,"column":58},"end":{"line":3,"column":59}},"loc":{"start":{"line":3,"column":68},"end":{"line":3,"column":73}},"line":3},"2":{"name":"(anonymous_2)","decl":{"start":{"line":5,"column":24},"end":{"line":5,"column":25}},"loc":{"start":{"line":6,"column":2},"end":{"line":6,"column":68}},"line":6},"3":{"name":"(anonymous_3)","decl":{"start":{"line":8,"column":24},"end":{"line":8,"column":25}},"loc":{"start":{"line":8,"column":33},"end":{"line":22,"column":1}},"line":8},"4":{"name":"(anonymous_4)","decl":{"start":{"line":24,"column":27},"end":{"line":24,"column":28}},"loc":{"start":{"line":24,"column":36},"end":{"line":36,"column":1}},"line":24},"5":{"name":"(anonymous_5)","decl":{"start":{"line":38,"column":39},"end":{"line":38,"column":40}},"loc":{"start":{"line":39,"column":2},"end":{"line":44,"column":8}},"line":39},"6":{"name":"(anonymous_6)","decl":{"start":{"line":39,"column":26},"end":{"line":39,"column":27}},"loc":{"start":{"line":39,"column":43},"end":{"line":44,"column":3}},"line":39}},"branchMap":{"0":{"loc":{"start":{"line":6,"column":2},"end":{"line":6,"column":68}},"type":"binary-expr","locations":[{"start":{"line":6,"column":2},"end":{"line":6,"column":19}},{"start":{"line":6,"column":23},"end":{"line":6,"column":35}},{"start":{"line":6,"column":39},"end":{"line":6,"column":68}}],"line":6},"1":{"loc":{"start":{"line":9,"column":2},"end":{"line":20,"column":3}},"type":"if","locations":[{"start":{"line":9,"column":2},"end":{"line":20,"column":3}},{"start":{"line":9,"column":2},"end":{"line":20,"column":3}}],"line":9},"2":{"loc":{"start":{"line":10,"column":4},"end":{"line":17,"column":32}},"type":"binary-expr","locations":[{"start":{"line":10,"column":4},"end":{"line":10,"column":16}},{"start":{"line":11,"column":4},"end":{"line":11,"column":26}},{"start":{"line":12,"column":4},"end":{"line":12,"column":29}},{"start":{"line":13,"column":4},"end":{"line":13,"column":24}},{"start":{"line":14,"column":4},"end":{"line":14,"column":27}},{"start":{"line":15,"column":4},"end":{"line":15,"column":24}},{"start":{"line":16,"column":4},"end":{"line":16,"column":29}},{"start":{"line":17,"column":4},"end":{"line":17,"column":32}}],"line":10},"3":{"loc":{"start":{"line":25,"column":2},"end":{"line":34,"column":3}},"type":"if","locations":[{"start":{"line":25,"column":2},"end":{"line":34,"column":3}},{"start":{"line":25,"column":2},"end":{"line":34,"column":3}}],"line":25},"4":{"loc":{"start":{"line":26,"column":4},"end":{"line":31,"column":25}},"type":"binary-expr","locations":[{"start":{"line":26,"column":4},"end":{"line":26,"column":16}},{"start":{"line":27,"column":4},"end":{"line":27,"column":26}},{"start":{"line":28,"column":4},"end":{"line":28,"column":29}},{"start":{"line":29,"column":4},"end":{"line":29,"column":24}},{"start":{"line":30,"column":4},"end":{"line":30,"column":27}},{"start":{"line":31,"column":4},"end":{"line":31,"column":25}}],"line":26},"5":{"loc":{"start":{"line":40,"column":4},"end":{"line":42,"column":5}},"type":"if","locations":[{"start":{"line":40,"column":4},"end":{"line":42,"column":5}},{"start":{"line":40,"column":4},"end":{"line":42,"column":5}}],"line":40}},"s":{"0":1,"1":1,"2":2,"3":4,"4":1,"5":5,"6":1,"7":8,"8":1,"9":7,"10":1,"11":4,"12":1,"13":3,"14":1,"15":1,"16":3,"17":1,"18":3,"19":1},"f":{"0":2,"1":4,"2":5,"3":8,"4":4,"5":1,"6":3},"b":{"0":[5,5,5],"1":[1,7],"2":[8,8,8,8,8,8,8,8],"3":[1,3],"4":[4,4,4,4,4,4],"5":[1,2]},"_coverageSchema":"1a1c01bbd47fc00a2c39e90264f33305004495a9","hash":"fb8e61941471cc04eacff6014892531eb4ec6765"}
,"C:\\Users\\Sunidhi\\OneDrive\\Desktop\\fetchRewards\\points\\api\\routes\\routes.js": {"path":"C:\\Users\\Sunidhi\\OneDrive\\Desktop\\fetchRewards\\points\\api\\routes\\routes.js","statementMap":{"0":{"start":{"line":3,"column":16},"end":{"line":3,"column":34}},"1":{"start":{"line":4,"column":15},"end":{"line":4,"column":31}},"2":{"start":{"line":6,"column":17},"end":{"line":6,"column":54}},"3":{"start":{"line":8,"column":0},"end":{"line":13,"column":3}},"4":{"start":{"line":9,"column":2},"end":{"line":12,"column":5}},"5":{"start":{"line":15,"column":0},"end":{"line":17,"column":3}},"6":{"start":{"line":16,"column":2},"end":{"line":16,"column":32}},"7":{"start":{"line":19,"column":0},"end":{"line":21,"column":3}},"8":{"start":{"line":20,"column":2},"end":{"line":20,"column":31}},"9":{"start":{"line":23,"column":0},"end":{"line":25,"column":3}},"10":{"start":{"line":24,"column":2},"end":{"line":24,"column":30}},"11":{"start":{"line":27,"column":0},"end":{"line":27,"column":24}}},"fnMap":{"0":{"name":"(anonymous_0)","decl":{"start":{"line":8,"column":16},"end":{"line":8,"column":17}},"loc":{"start":{"line":8,"column":30},"end":{"line":13,"column":1}},"line":8},"1":{"name":"(anonymous_1)","decl":{"start":{"line":15,"column":20},"end":{"line":15,"column":21}},"loc":{"start":{"line":15,"column":34},"end":{"line":17,"column":1}},"line":15},"2":{"name":"(anonymous_2)","decl":{"start":{"line":19,"column":23},"end":{"line":19,"column":24}},"loc":{"start":{"line":19,"column":37},"end":{"line":21,"column":1}},"line":19},"3":{"name":"(anonymous_3)","decl":{"start":{"line":23,"column":23},"end":{"line":23,"column":24}},"loc":{"start":{"line":23,"column":37},"end":{"line":25,"column":1}},"line":23}},"branchMap":{},"s":{"0":1,"1":1,"2":1,"3":1,"4":1,"5":1,"6":8,"7":1,"8":2,"9":1,"10":4,"11":1},"f":{"0":1,"1":8,"2":2,"3":4},"b":{},"_coverageSchema":"1a1c01bbd47fc00a2c39e90264f33305004495a9","hash":"eddb55596ee9b4284f2f45040f68588415b1de71"}
,"C:\\Users\\Sunidhi\\OneDrive\\Desktop\\fetchRewards\\points\\api\\services\\services.js": {"path":"C:\\Users\\Sunidhi\\OneDrive\\Desktop\\fetchRewards\\points\\api\\services\\services.js","statementMap":{"0":{"start":{"line":1,"column":10},"end":{"line":1,"column":27}},"1":{"start":{"line":2,"column":16},"end":{"line":2,"column":45}},"2":{"start":{"line":4,"column":20},"end":{"line":52,"column":1}},"3":{"start":{"line":5,"column":14},"end":{"line":5,"column":27}},"4":{"start":{"line":6,"column":17},"end":{"line":6,"column":30}},"5":{"start":{"line":7,"column":15},"end":{"line":7,"column":26}},"6":{"start":{"line":8,"column":16},"end":{"line":8,"column":28}},"7":{"start":{"line":9,"column":22},"end":{"line":9,"column":40}},"8":{"start":{"line":13,"column":2},"end":{"line":24,"column":3}},"9":{"start":{"line":14,"column":4},"end":{"line":14,"column":31}},"10":{"start":{"line":15,"column":4},"end":{"line":15,"column":22}},"11":{"start":{"line":16,"column":9},"end":{"line":24,"column":3}},"12":{"start":{"line":17,"column":4},"end":{"line":17,"column":19}},"13":{"start":{"line":18,"column":4},"end":{"line":18,"column":22}},"14":{"start":{"line":20,"column":4},"end":{"line":23,"column":6}},"15":{"start":{"line":27,"column":2},"end":{"line":43,"column":3}},"16":{"start":{"line":28,"column":4},"end":{"line":28,"column":20}},"17":{"start":{"line":29,"column":4},"end":{"line":29,"column":29}},"18":{"start":{"line":31,"column":21},"end":{"line":31,"column":27}},"19":{"start":{"line":32,"column":4},"end":{"line":42,"column":5}},"20":{"start":{"line":33,"column":18},"end":{"line":33,"column":36}},"21":{"start":{"line":34,"column":6},"end":{"line":34,"column":51}},"22":{"start":{"line":35,"column":6},"end":{"line":35,"column":38}},"23":{"start":{"line":38,"column":6},"end":{"line":41,"column":7}},"24":{"start":{"line":39,"column":8},"end":{"line":39,"column":37}},"25":{"start":{"line":40,"column":8},"end":{"line":40,"column":31}},"26":{"start":{"line":45,"column":2},"end":{"line":51,"column":4}},"27":{"start":{"line":55,"column":19},"end":{"line":60,"column":1}},"28":{"start":{"line":56,"column":2},"end":{"line":59,"column":4}},"29":{"start":{"line":63,"column":15},"end":{"line":127,"column":1}},"30":{"start":{"line":64,"column":17},"end":{"line":64,"column":30}},"31":{"start":{"line":65,"column":13},"end":{"line":65,"column":24}},"32":{"start":{"line":66,"column":14},"end":{"line":66,"column":26}},"33":{"start":{"line":67,"column":20},"end":{"line":67,"column":38}},"34":{"start":{"line":68,"column":15},"end":{"line":68,"column":31}},"35":{"start":{"line":71,"column":2},"end":{"line":76,"column":3}},"36":{"start":{"line":72,"column":4},"end":{"line":75,"column":6}},"37":{"start":{"line":79,"column":2},"end":{"line":84,"column":3}},"38":{"start":{"line":80,"column":4},"end":{"line":83,"column":6}},"39":{"start":{"line":87,"column":19},"end":{"line":87,"column":25}},"40":{"start":{"line":88,"column":2},"end":{"line":105,"column":5}},"41":{"start":{"line":89,"column":4},"end":{"line":91,"column":5}},"42":{"start":{"line":90,"column":6},"end":{"line":90,"column":13}},"43":{"start":{"line":93,"column":4},"end":{"line":104,"column":5}},"44":{"start":{"line":94,"column":6},"end":{"line":94,"column":44}},"45":{"start":{"line":95,"column":6},"end":{"line":95,"column":69}},"46":{"start":{"line":96,"column":6},"end":{"line":96,"column":59}},"47":{"start":{"line":97,"column":6},"end":{"line":97,"column":21}},"48":{"start":{"line":98,"column":6},"end":{"line":98,"column":13}},"49":{"start":{"line":100,"column":6},"end":{"line":100,"column":62}},"50":{"start":{"line":101,"column":6},"end":{"line":101,"column":52}},"51":{"start":{"line":102,"column":6},"end":{"line":102,"column":29}},"52":{"start":{"line":103,"column":6},"end":{"line":103,"column":36}},"53":{"start":{"line":108,"column":14},"end":{"line":108,"column":15}},"54":{"start":{"line":109,"column":2},"end":{"line":116,"column":3}},"55":{"start":{"line":110,"column":4},"end":{"line":115,"column":5}},"56":{"start":{"line":111,"column":6},"end":{"line":111,"column":35}},"57":{"start":{"line":112,"column":6},"end":{"line":112,"column":29}},"58":{"start":{"line":114,"column":6},"end":{"line":114,"column":14}},"59":{"start":{"line":118,"column":2},"end":{"line":126,"column":4}},"60":{"start":{"line":129,"column":0},"end":{"line":133,"column":2}}},"fnMap":{"0":{"name":"(anonymous_0)","decl":{"start":{"line":4,"column":20},"end":{"line":4,"column":21}},"loc":{"start":{"line":4,"column":32},"end":{"line":52,"column":1}},"line":4},"1":{"name":"(anonymous_1)","decl":{"start":{"line":55,"column":19},"end":{"line":55,"column":20}},"loc":{"start":{"line":55,"column":29},"end":{"line":60,"column":1}},"line":55},"2":{"name":"(anonymous_2)","decl":{"start":{"line":63,"column":15},"end":{"line":63,"column":16}},"loc":{"start":{"line":63,"column":27},"end":{"line":127,"column":1}},"line":63},"3":{"name":"(anonymous_3)","decl":{"start":{"line":88,"column":22},"end":{"line":88,"column":23}},"loc":{"start":{"line":88,"column":38},"end":{"line":105,"column":3}},"line":88}},"branchMap":{"0":{"loc":{"start":{"line":13,"column":2},"end":{"line":24,"column":3}},"type":"if","locations":[{"start":{"line":13,"column":2},"end":{"line":24,"column":3}},{"start":{"line":13,"column":2},"end":{"line":24,"column":3}}],"line":13},"1":{"loc":{"start":{"line":13,"column":6},"end":{"line":13,"column":42}},"type":"binary-expr","locations":[{"start":{"line":13,"column":6},"end":{"line":13,"column":15}},{"start":{"line":13,"column":19},"end":{"line":13,"column":42}}],"line":13},"2":{"loc":{"start":{"line":16,"column":9},"end":{"line":24,"column":3}},"type":"if","locations":[{"start":{"line":16,"column":9},"end":{"line":24,"column":3}},{"start":{"line":16,"column":9},"end":{"line":24,"column":3}}],"line":16},"3":{"loc":{"start":{"line":27,"column":2},"end":{"line":43,"column":3}},"type":"if","locations":[{"start":{"line":27,"column":2},"end":{"line":43,"column":3}},{"start":{"line":27,"column":2},"end":{"line":43,"column":3}}],"line":27},"4":{"loc":{"start":{"line":38,"column":6},"end":{"line":41,"column":7}},"type":"if","locations":[{"start":{"line":38,"column":6},"end":{"line":41,"column":7}},{"start":{"line":38,"column":6},"end":{"line":41,"column":7}}],"line":38},"5":{"loc":{"start":{"line":71,"column":2},"end":{"line":76,"column":3}},"type":"if","locations":[{"start":{"line":71,"column":2},"end":{"line":76,"column":3}},{"start":{"line":71,"column":2},"end":{"line":76,"column":3}}],"line":71},"6":{"loc":{"start":{"line":79,"column":2},"end":{"line":84,"column":3}},"type":"if","locations":[{"start":{"line":79,"column":2},"end":{"line":84,"column":3}},{"start":{"line":79,"column":2},"end":{"line":84,"column":3}}],"line":79},"7":{"loc":{"start":{"line":89,"column":4},"end":{"line":91,"column":5}},"type":"if","locations":[{"start":{"line":89,"column":4},"end":{"line":91,"column":5}},{"start":{"line":89,"column":4},"end":{"line":91,"column":5}}],"line":89},"8":{"loc":{"start":{"line":93,"column":4},"end":{"line":104,"column":5}},"type":"if","locations":[{"start":{"line":93,"column":4},"end":{"line":104,"column":5}},{"start":{"line":93,"column":4},"end":{"line":104,"column":5}}],"line":93},"9":{"loc":{"start":{"line":110,"column":4},"end":{"line":115,"column":5}},"type":"if","locations":[{"start":{"line":110,"column":4},"end":{"line":115,"column":5}},{"start":{"line":110,"column":4},"end":{"line":115,"column":5}}],"line":110}},"s":{"0":1,"1":1,"2":1,"3":7,"4":7,"5":7,"6":7,"7":7,"8":7,"9":3,"10":3,"11":4,"12":3,"13":3,"14":1,"15":6,"16":4,"17":4,"18":2,"19":2,"20":2,"21":2,"22":2,"23":2,"24":1,"25":1,"26":6,"27":1,"28":1,"29":1,"30":3,"31":3,"32":3,"33":3,"34":3,"35":3,"36":1,"37":2,"38":1,"39":1,"40":1,"41":4,"42":1,"43":3,"44":1,"45":1,"46":1,"47":1,"48":1,"49":2,"50":2,"51":2,"52":2,"53":1,"54":1,"55":4,"56":2,"57":2,"58":2,"59":1,"60":1},"f":{"0":7,"1":1,"2":3,"3":4},"b":{"0":[3,4],"1":[7,3],"2":[3,1],"3":[4,2],"4":[1,1],"5":[1,2],"6":[1,1],"7":[1,3],"8":[1,2],"9":[2,2]},"_coverageSchema":"1a1c01bbd47fc00a2c39e90264f33305004495a9","hash":"cb08776376fb8bf74c7590c67022d37f0fe5008b"}
}
