TN:
SF:server.js
FN:13,(anonymous_0)
FNF:1
FNH:1
FNDA:1,(anonymous_0)
DA:2,1
DA:3,1
DA:5,1
DA:8,1
DA:10,1
DA:13,1
DA:15,1
LF:7
LH:7
BRDA:10,0,0,1
BRDA:10,0,1,1
BRF:2
BRH:2
end_of_record
TN:
SF:api\controllers\controllers.js
FN:10,(anonymous_0)
FN:54,(anonymous_1)
FN:85,(anonymous_2)
FNF:3
FNH:3
FNDA:8,(anonymous_0)
FNDA:2,(anonymous_1)
FNDA:4,(anonymous_2)
DA:2,1
DA:3,1
DA:4,1
DA:5,1
DA:6,1
DA:7,1
DA:8,1
DA:10,1
DA:12,8
DA:13,1
DA:18,7
DA:19,7
DA:22,7
DA:24,7
DA:32,0
DA:37,7
DA:38,1
DA:43,6
DA:44,6
DA:45,6
DA:46,6
DA:48,6
DA:54,1
DA:56,2
DA:57,1
DA:63,1
DA:65,1
DA:67,0
DA:72,1
DA:73,0
DA:78,1
DA:79,1
DA:85,1
DA:87,4
DA:88,1
DA:92,3
DA:95,3
DA:97,3
DA:105,0
DA:110,3
DA:111,2
DA:116,1
DA:117,1
DA:118,1
DA:119,1
DA:120,1
DA:122,1
LF:47
LH:43
BRDA:12,0,0,1
BRDA:12,0,1,7
BRDA:37,1,0,1
BRDA:37,1,1,6
BRDA:43,2,0,6
BRDA:43,2,1,0
BRDA:56,3,0,1
BRDA:56,3,1,1
BRDA:72,4,0,0
BRDA:72,4,1,1
BRDA:78,5,0,1
BRDA:78,5,1,0
BRDA:87,6,0,1
BRDA:87,6,1,3
BRDA:110,7,0,2
BRDA:110,7,1,1
BRDA:116,8,0,1
BRDA:116,8,1,0
BRF:18
BRH:14
end_of_record
TN:
SF:api\helpers\helpers.js
FN:3,(anonymous_0)
FN:3,(anonymous_1)
FN:5,(anonymous_2)
FN:8,(anonymous_3)
FN:24,(anonymous_4)
FN:38,(anonymous_5)
FN:39,(anonymous_6)
FNF:7
FNH:7
FNDA:2,(anonymous_0)
FNDA:4,(anonymous_1)
FNDA:5,(anonymous_2)
FNDA:8,(anonymous_3)
FNDA:4,(anonymous_4)
FNDA:1,(anonymous_5)
FNDA:3,(anonymous_6)
DA:1,1
DA:3,4
DA:5,1
DA:6,5
DA:8,1
DA:9,8
DA:19,1
DA:21,7
DA:24,1
DA:25,4
DA:33,1
DA:35,3
DA:38,1
DA:39,1
DA:40,3
DA:41,1
DA:43,3
DA:45,1
LF:18
LH:18
BRDA:6,0,0,5
BRDA:6,0,1,5
BRDA:6,0,2,5
BRDA:9,1,0,1
BRDA:9,1,1,7
BRDA:10,2,0,8
BRDA:10,2,1,8
BRDA:10,2,2,8
BRDA:10,2,3,8
BRDA:10,2,4,8
BRDA:10,2,5,8
BRDA:10,2,6,8
BRDA:10,2,7,8
BRDA:25,3,0,1
BRDA:25,3,1,3
BRDA:26,4,0,4
BRDA:26,4,1,4
BRDA:26,4,2,4
BRDA:26,4,3,4
BRDA:26,4,4,4
BRDA:26,4,5,4
BRDA:40,5,0,1
BRDA:40,5,1,2
BRF:23
BRH:23
end_of_record
TN:
SF:api\routes\routes.js
FN:8,(anonymous_0)
FN:15,(anonymous_1)
FN:19,(anonymous_2)
FN:23,(anonymous_3)
FNF:4
FNH:4
FNDA:1,(anonymous_0)
FNDA:8,(anonymous_1)
FNDA:2,(anonymous_2)
FNDA:4,(anonymous_3)
DA:3,1
DA:4,1
DA:6,1
DA:8,1
DA:9,1
DA:15,1
DA:16,8
DA:19,1
DA:20,2
DA:23,1
DA:24,4
DA:27,1
LF:12
LH:12
BRF:0
BRH:0
end_of_record
TN:
SF:api\services\services.js
FN:4,(anonymous_0)
FN:55,(anonymous_1)
FN:63,(anonymous_2)
FN:88,(anonymous_3)
FNF:4
FNH:4
FNDA:7,(anonymous_0)
FNDA:1,(anonymous_1)
FNDA:3,(anonymous_2)
FNDA:4,(anonymous_3)
DA:1,1
DA:2,1
DA:4,1
DA:5,7
DA:6,7
DA:7,7
DA:8,7
DA:9,7
DA:13,7
DA:14,3
DA:15,3
DA:16,4
DA:17,3
DA:18,3
DA:20,1
DA:27,6
DA:28,4
DA:29,4
DA:31,2
DA:32,2
DA:33,2
DA:34,2
DA:35,2
DA:38,2
DA:39,1
DA:40,1
DA:45,6
DA:55,1
DA:56,1
DA:63,1
DA:64,3
DA:65,3
DA:66,3
DA:67,3
DA:68,3
DA:71,3
DA:72,1
DA:79,2
DA:80,1
DA:87,1
DA:88,1
DA:89,4
DA:90,1
DA:93,3
DA:94,1
DA:95,1
DA:96,1
DA:97,1
DA:98,1
DA:100,2
DA:101,2
DA:102,2
DA:103,2
DA:108,1
DA:109,1
DA:110,4
DA:111,2
DA:112,2
DA:114,2
DA:118,1
DA:129,1
LF:61
LH:61
BRDA:13,0,0,3
BRDA:13,0,1,4
BRDA:13,1,0,7
BRDA:13,1,1,3
BRDA:16,2,0,3
BRDA:16,2,1,1
BRDA:27,3,0,4
BRDA:27,3,1,2
BRDA:38,4,0,1
BRDA:38,4,1,1
BRDA:71,5,0,1
BRDA:71,5,1,2
BRDA:79,6,0,1
BRDA:79,6,1,1
BRDA:89,7,0,1
BRDA:89,7,1,3
BRDA:93,8,0,1
BRDA:93,8,1,2
BRDA:110,9,0,2
BRDA:110,9,1,2
BRF:20
BRH:20
end_of_record
